<?xml version="1.0" encoding="UTF-8"?>
<!-- Generated by org.testng.reporters.JUnitReportReporter -->
<testsuite skipped="0" hostname="ojt3" name="DriverFactory.AppTest" tests="1" failures="0" timestamp="25 Oct 2019 04:41:26 GMT" time="41.444" errors="0">
  <testcase name="ERP_Start" time="41.444" classname="DriverFactory.AppTest"/>
</testsuite> <!-- DriverFactory.AppTest -->
